#
# A fatal error has been detected by the Java Runtime Environment:
#
#  EXCEPTION_ACCESS_VIOLATION (0xc0000005) at pc=0x0000000055a8a3c5, pid=2104, tid=1004
#
# JRE version: Java(TM) SE Runtime Environment (8.0_25-b18) (build 1.8.0_25-b18)
# Java VM: Java HotSpot(TM) 64-Bit Server VM (25.25-b02 mixed mode windows-amd64 compressed oops)
# Problematic frame:
# V  [jvm.dll+0x11a3c5]
#
# Failed to write core dump. Minidumps are not enabled by default on client versions of Windows
#
# If you would like to submit a bug report, please visit:
#   http://bugreport.sun.com/bugreport/crash.jsp
#

---------------  T H R E A D  ---------------

Current thread (0x00000000161aa800):  JavaThread "JDWP Transport Listener: dt_socket" daemon [_thread_in_vm, id=1004, stack(0x00000000176f0000,0x00000000177f0000)]

siginfo: ExceptionCode=0xc0000005, reading address 0xffffffffffffffff

Registers:
RAX=0x00000000177ef201, RBX=0x00000000161aa800, RCX=0x3b7463656a624f2f, RDX=0x0000000000000000
RSP=0x00000000177ef1d0, RBP=0x3b7463656a624f2f, RSI=0x00000000177ef2e8, RDI=0x000000000267a790
R8 =0x00000000161aa800, R9 =0x0000000000000000, R10=0x0000000000000000, R11=0x0000000000000064
R12=0x0000000000000000, R13=0x00000000161b4288, R14=0x0000000000000000, R15=0x0000000000000000
RIP=0x0000000055a8a3c5, EFLAGS=0x0000000000010202

Top of Stack: (sp=0x00000000177ef1d0)
0x00000000177ef1d0:   00000000161aa800 00000000161aa800
0x00000000177ef1e0:   00000000177ef298 0000000055c878db
0x00000000177ef1f0:   00000000161aa800 0000000055ca413d
0x00000000177ef200:   0000000000000000 00000000558e9149
0x00000000177ef210:   00000000184b6c58 00000000558f2912
0x00000000177ef220:   00000000161aa800 0000000000000000
0x00000000177ef230:   0000000000000000 0000000000000000
0x00000000177ef240:   3b7463656a624f2f 00000000558f1a09
0x00000000177ef250:   00000000177ef2e8 00000000177ef2c0
0x00000000177ef260:   0000000000000001 00000000184b6c58
0x00000000177ef270:   3b7463656a624f2f 00000000558d53b3
0x00000000177ef280:   00000000177ef3b0 0000000000000001
0x00000000177ef290:   0000000000000001 00000000184b6c58
0x00000000177ef2a0:   0000000000000001 0000000000000000
0x00000000177ef2b0:   0000000000000000 0000000000000000
0x00000000177ef2c0:   0000000000000001 00000000558d5571 

Instructions: (pc=0x0000000055a8a3c5)
0x0000000055a8a3a5:   cc cc cc cc cc cc cc cc cc cc cc 48 83 ec 28 48
0x0000000055a8a3b5:   85 c9 75 07 33 c0 48 83 c4 28 c3 48 89 5c 24 20
0x0000000055a8a3c5:   48 8b 19 48 85 db 74 20 48 83 fb 37 74 1a 48 8b
0x0000000055a8a3d5:   13 48 8b cb ff 52 10 84 c0 74 0d 48 8b c3 48 8b 


Register to memory mapping:

RAX=0x00000000177ef201 is pointing into the stack for thread: 0x00000000161aa800
RBX=0x00000000161aa800 is a thread
RCX=0x3b7463656a624f2f is an unknown value
RDX=0x0000000000000000 is an unknown value
RSP=0x00000000177ef1d0 is pointing into the stack for thread: 0x00000000161aa800
RBP=0x3b7463656a624f2f is an unknown value
RSI=0x00000000177ef2e8 is pointing into the stack for thread: 0x00000000161aa800
RDI=0x000000000267a790 is an unknown value
R8 =0x00000000161aa800 is a thread
R9 =0x0000000000000000 is an unknown value
R10=0x0000000000000000 is an unknown value
R11=0x0000000000000064 is an unknown value
R12=0x0000000000000000 is an unknown value
R13=0x00000000161b4288 is an unknown value
R14=0x0000000000000000 is an unknown value
R15=0x0000000000000000 is an unknown value


Stack: [0x00000000176f0000,0x00000000177f0000],  sp=0x00000000177ef1d0,  free space=1020k
Native frames: (J=compiled Java code, j=interpreted, Vv=VM code, C=native code)
V  [jvm.dll+0x11a3c5]
V  [jvm.dll+0x33413d]
C  [jdwp.dll+0x21a09]
C  [jdwp.dll+0x53b3]
C  [jdwp.dll+0x5571]
C  [jdwp.dll+0xf09c]
C  [jdwp.dll+0x1f2c9]
C  [jdwp.dll+0x1f49e]
V  [jvm.dll+0x1abba8]
V  [jvm.dll+0x22bde4]
V  [jvm.dll+0x2852fa]
C  [msvcr100.dll+0x21d9f]
C  [msvcr100.dll+0x21e3b]
C  [KERNEL32.DLL+0x12d92]
C  [ntdll.dll+0x9f64]


---------------  P R O C E S S  ---------------

Java Threads: ( => current thread )
  0x00000000161fd800 JavaThread "Service Thread" daemon [_thread_blocked, id=4624, stack(0x00000000180f0000,0x00000000181f0000)]
  0x00000000161cd000 JavaThread "C1 CompilerThread2" daemon [_thread_blocked, id=2312, stack(0x0000000017ff0000,0x00000000180f0000)]
  0x00000000161cc000 JavaThread "C2 CompilerThread1" daemon [_thread_blocked, id=2008, stack(0x0000000017ef0000,0x0000000017ff0000)]
  0x00000000161d3000 JavaThread "C2 CompilerThread0" daemon [_thread_blocked, id=3428, stack(0x00000000179f0000,0x0000000017af0000)]
  0x00000000161b9800 JavaThread "JDWP Command Reader" daemon [_thread_in_native, id=6728, stack(0x00000000178f0000,0x00000000179f0000)]
  0x00000000161b6800 JavaThread "JDWP Event Helper Thread" daemon [_thread_blocked, id=2108, stack(0x00000000177f0000,0x00000000178f0000)]
=>0x00000000161aa800 JavaThread "JDWP Transport Listener: dt_socket" daemon [_thread_in_vm, id=1004, stack(0x00000000176f0000,0x00000000177f0000)]
  0x000000001619e800 JavaThread "Attach Listener" daemon [_thread_blocked, id=2156, stack(0x00000000175f0000,0x00000000176f0000)]
  0x000000001619d000 JavaThread "Signal Dispatcher" daemon [_thread_blocked, id=3360, stack(0x00000000174f0000,0x00000000175f0000)]
  0x0000000002876800 JavaThread "Finalizer" daemon [_thread_blocked, id=6768, stack(0x00000000173f0000,0x00000000174f0000)]
  0x000000000286d800 JavaThread "Reference Handler" daemon [_thread_blocked, id=1152, stack(0x00000000172f0000,0x00000000173f0000)]
  0x0000000002782800 JavaThread "main" [_thread_blocked, id=4640, stack(0x0000000002680000,0x0000000002780000)]

Other Threads:
  0x0000000016165800 VMThread [stack: 0x00000000171f0000,0x00000000172f0000] [id=1632]
  0x0000000017b1b000 WatcherThread [stack: 0x00000000181f0000,0x00000000182f0000] [id=2088]

VM state:not at safepoint (normal execution)

VM Mutex/Monitor currently owned by a thread: None

Heap:
 PSYoungGen      total 28672K, used 6401K [0x00000000e0300000, 0x00000000e2300000, 0x0000000100000000)
  eden space 24576K, 26% used [0x00000000e0300000,0x00000000e0940470,0x00000000e1b00000)
  from space 4096K, 0% used [0x00000000e1f00000,0x00000000e1f00000,0x00000000e2300000)
  to   space 4096K, 0% used [0x00000000e1b00000,0x00000000e1b00000,0x00000000e1f00000)
 ParOldGen       total 65536K, used 0K [0x00000000a0800000, 0x00000000a4800000, 0x00000000e0300000)
  object space 65536K, 0% used [0x00000000a0800000,0x00000000a0800000,0x00000000a4800000)
 Metaspace       used 5150K, capacity 5252K, committed 5504K, reserved 1056768K
  class space    used 601K, capacity 631K, committed 640K, reserved 1048576K

Card table byte_map: [0x0000000011c40000,0x0000000011f40000] byte_map_base: 0x000000001173c000

Marking Bits: (ParMarkBitMap*) 0x000000005614d490
 Begin Bits: [0x0000000012540000, 0x0000000013d20000)
 End Bits:   [0x0000000013d20000, 0x0000000015500000)

Polling page: 0x0000000002400000

CodeCache: size=245760Kb used=1970Kb max_used=1970Kb free=243789Kb
 bounds [0x0000000002880000, 0x0000000002af0000, 0x0000000011880000]
 total_blobs=654 nmethods=390 adapters=187
 compilation: enabled

Compilation events (10 events):
Event: 1.155 Thread 0x00000000161cd000  378       3       jdk.internal.org.objectweb.asm.MethodWriter::visitVarInsn (292 bytes)
Event: 1.156 Thread 0x00000000161cd000 nmethod 378 0x0000000002a68cd0 code [0x0000000002a68f00, 0x0000000002a69968]
Event: 1.156 Thread 0x00000000161cd000  385       3       jdk.internal.org.objectweb.asm.Type::getArgumentsAndReturnSizes (151 bytes)
Event: 1.157 Thread 0x00000000161cd000 nmethod 385 0x0000000002a69f10 code [0x0000000002a6a160, 0x0000000002a6af38]
Event: 1.157 Thread 0x00000000161cd000  390       3       jdk.internal.org.objectweb.asm.Type::getType (269 bytes)
Event: 1.157 Thread 0x00000000161cd000 nmethod 390 0x0000000002a6b550 code [0x0000000002a6b740, 0x0000000002a6c030]
Event: 1.157 Thread 0x00000000161cd000  388       3       java.lang.invoke.LambdaForm$Name::initIndex (26 bytes)
Event: 1.157 Thread 0x00000000161cd000 nmethod 388 0x0000000002a6c450 code [0x0000000002a6c5a0, 0x0000000002a6c790]
Event: 1.157 Thread 0x00000000161cd000  389       3       sun.invoke.util.Wrapper::hashChar (9 bytes)
Event: 1.157 Thread 0x00000000161cd000 nmethod 389 0x0000000002a6c810 code [0x0000000002a6c960, 0x0000000002a6cad0]

GC Heap History (0 events):
No events

Deoptimization events (0 events):
No events

Internal exceptions (10 events):
Event: 1.071 Thread 0x0000000002782800 Exception <a 'java/security/PrivilegedActionException'> (0x00000000e0810250) thrown at [D:\re\workspace\8-2-build-windows-amd64-cygwin\jdk8u25\1677\hotspot\src\share\vm\prims\jvm.cpp, line 1312]
Event: 1.071 Thread 0x0000000002782800 Exception <a 'java/security/PrivilegedActionException'> (0x00000000e0814de8) thrown at [D:\re\workspace\8-2-build-windows-amd64-cygwin\jdk8u25\1677\hotspot\src\share\vm\prims\jvm.cpp, line 1312]
Event: 1.074 Thread 0x0000000002782800 Exception <a 'java/security/PrivilegedActionException'> (0x00000000e0819e00) thrown at [D:\re\workspace\8-2-build-windows-amd64-cygwin\jdk8u25\1677\hotspot\src\share\vm\prims\jvm.cpp, line 1312]
Event: 1.077 Thread 0x0000000002782800 Exception <a 'java/security/PrivilegedActionException'> (0x00000000e081dc20) thrown at [D:\re\workspace\8-2-build-windows-amd64-cygwin\jdk8u25\1677\hotspot\src\share\vm\prims\jvm.cpp, line 1312]
Event: 1.080 Thread 0x0000000002782800 Exception <a 'java/security/PrivilegedActionException'> (0x00000000e0822b60) thrown at [D:\re\workspace\8-2-build-windows-amd64-cygwin\jdk8u25\1677\hotspot\src\share\vm\prims\jvm.cpp, line 1312]
Event: 1.102 Thread 0x0000000002782800 Exception <a 'java/lang/ClassNotFoundException': java/lang/Null> (0x00000000e083f6f0) thrown at [D:\re\workspace\8-2-build-windows-amd64-cygwin\jdk8u25\1677\hotspot\src\share\vm\classfile\systemDictionary.cpp, line 202]
Event: 1.137 Thread 0x0000000002782800 Exception <a 'java/lang/NoSuchFieldError': method resolution failed> (0x00000000e08a0208) thrown at [D:\re\workspace\8-2-build-windows-amd64-cygwin\jdk8u25\1677\hotspot\src\share\vm\prims\methodHandles.cpp, line 1159]
Event: 1.139 Thread 0x0000000002782800 Exception <a 'java/lang/NoSuchFieldError': method resolution failed> (0x00000000e08af0c0) thrown at [D:\re\workspace\8-2-build-windows-amd64-cygwin\jdk8u25\1677\hotspot\src\share\vm\prims\methodHandles.cpp, line 1159]
Event: 1.141 Thread 0x0000000002782800 Exception <a 'java/lang/NoSuchFieldError': method resolution failed> (0x00000000e08b2540) thrown at [D:\re\workspace\8-2-build-windows-amd64-cygwin\jdk8u25\1677\hotspot\src\share\vm\prims\methodHandles.cpp, line 1159]
Event: 1.157 Thread 0x0000000002782800 Exception <a 'java/security/PrivilegedActionException'> (0x00000000e08f0280) thrown at [D:\re\workspace\8-2-build-windows-amd64-cygwin\jdk8u25\1677\hotspot\src\share\vm\prims\jvm.cpp, line 1312]

Events (10 events):
Event: 58.909 Executing VM operation: GetOrSetLocal
Event: 58.909 Executing VM operation: GetOrSetLocal done
Event: 58.910 Executing VM operation: GetOrSetLocal
Event: 58.910 Executing VM operation: GetOrSetLocal done
Event: 58.915 Executing VM operation: GetOrSetLocal
Event: 58.916 Executing VM operation: GetOrSetLocal done
Event: 58.920 Executing VM operation: GetOrSetLocal
Event: 58.920 Executing VM operation: GetOrSetLocal done
Event: 58.920 Executing VM operation: GetOrSetLocal
Event: 58.920 Executing VM operation: GetOrSetLocal done


Dynamic libraries:
0x00007ff6a3800000 - 0x00007ff6a3834000 	C:\Program Files\Java\jdk1.8.0_25\bin\java.exe
0x00007ffc18930000 - 0x00007ffc18af2000 	C:\WINDOWS\SYSTEM32\ntdll.dll
0x00007ffc16c70000 - 0x00007ffc16d1d000 	C:\WINDOWS\system32\KERNEL32.DLL
0x00007ffc153c0000 - 0x00007ffc1559d000 	C:\WINDOWS\system32\KERNELBASE.dll
0x00007ffc16ed0000 - 0x00007ffc16f76000 	C:\WINDOWS\system32\ADVAPI32.dll
0x00007ffc168e0000 - 0x00007ffc1697d000 	C:\WINDOWS\system32\msvcrt.dll
0x00007ffc162c0000 - 0x00007ffc1631b000 	C:\WINDOWS\system32\sechost.dll
0x00007ffc166f0000 - 0x00007ffc16816000 	C:\WINDOWS\system32\RPCRT4.dll
0x00007ffc187d0000 - 0x00007ffc1891e000 	C:\WINDOWS\system32\USER32.dll
0x00007ffc16480000 - 0x00007ffc16606000 	C:\WINDOWS\system32\GDI32.dll
0x00007ffc0fcc0000 - 0x00007ffc0ff34000 	C:\WINDOWS\WinSxS\amd64_microsoft.windows.common-controls_6595b64144ccf1df_6.0.10240.16384_none_f41f7b285750ef43\COMCTL32.dll
0x00007ffc16b50000 - 0x00007ffc16b86000 	C:\WINDOWS\system32\IMM32.DLL
0x00007ffc16320000 - 0x00007ffc1647c000 	C:\WINDOWS\system32\MSCTF.dll
0x00000000561d0000 - 0x00000000562a2000 	C:\Program Files\Java\jdk1.8.0_25\jre\bin\msvcr100.dll
0x0000000055970000 - 0x00000000561ca000 	C:\Program Files\Java\jdk1.8.0_25\jre\bin\server\jvm.dll
0x00007ffc18920000 - 0x00007ffc18928000 	C:\WINDOWS\system32\PSAPI.DLL
0x00007ffbff5f0000 - 0x00007ffbff5f9000 	C:\WINDOWS\SYSTEM32\WSOCK32.dll
0x00007ffc10ee0000 - 0x00007ffc10f03000 	C:\WINDOWS\SYSTEM32\WINMM.dll
0x00007ffc16f80000 - 0x00007ffc16fe9000 	C:\WINDOWS\system32\WS2_32.dll
0x00007ffc16240000 - 0x00007ffc16248000 	C:\WINDOWS\system32\NSI.dll
0x0000000002430000 - 0x000000000245c000 	C:\WINDOWS\SYSTEM32\WINMMBASE.dll
0x00007ffc155a0000 - 0x00007ffc155e4000 	C:\WINDOWS\system32\cfgmgr32.dll
0x00007ffc13c90000 - 0x00007ffc13cb7000 	C:\WINDOWS\SYSTEM32\DEVOBJ.dll
0x0000000055960000 - 0x000000005596f000 	C:\Program Files\Java\jdk1.8.0_25\jre\bin\verify.dll
0x0000000055930000 - 0x0000000055958000 	C:\Program Files\Java\jdk1.8.0_25\jre\bin\java.dll
0x00000000558d0000 - 0x0000000055905000 	C:\Program Files\Java\jdk1.8.0_25\jre\bin\jdwp.dll
0x0000000055880000 - 0x0000000055888000 	C:\Program Files\Java\jdk1.8.0_25\jre\bin\npt.dll
0x0000000055910000 - 0x0000000055926000 	C:\Program Files\Java\jdk1.8.0_25\jre\bin\zip.dll
0x00007ffc17050000 - 0x00007ffc185b8000 	C:\WINDOWS\system32\SHELL32.dll
0x00007ffc15990000 - 0x00007ffc15fb8000 	C:\WINDOWS\system32\windows.storage.dll
0x00007ffc15fc0000 - 0x00007ffc1623c000 	C:\WINDOWS\system32\combase.dll
0x00007ffc16d20000 - 0x00007ffc16d71000 	C:\WINDOWS\system32\shlwapi.dll
0x00007ffc153b0000 - 0x00007ffc153bf000 	C:\WINDOWS\system32\kernel.appcore.dll
0x00007ffc155f0000 - 0x00007ffc156a3000 	C:\WINDOWS\system32\shcore.dll
0x00007ffc15360000 - 0x00007ffc153aa000 	C:\WINDOWS\system32\powrprof.dll
0x00007ffc15320000 - 0x00007ffc15333000 	C:\WINDOWS\system32\profapi.dll
0x00007ffc16630000 - 0x00007ffc166ee000 	C:\WINDOWS\system32\OLEAUT32.dll
0x0000000055870000 - 0x0000000055879000 	C:\Program Files\Java\jdk1.8.0_25\jre\bin\dt_socket.dll
0x00007ffc14b30000 - 0x00007ffc14b8d000 	C:\WINDOWS\system32\mswsock.dll
0x00007ffc0d120000 - 0x00007ffc0d2aa000 	C:\WINDOWS\SYSTEM32\dbghelp.dll

VM Arguments:
jvm_args: -agentlib:jdwp=transport=dt_socket,address=127.0.0.1:49993,suspend=y,server=n -ea -Didea.junit.sm_runner -Dfile.encoding=UTF-8 
java_command: com.intellij.rt.execution.junit.JUnitStarter -ideVersion5 TSS.TSSTest,shouldReturnBasisWithZeroTest
java_class_path (initial): C:\Program Files (x86)\JetBrains\IntelliJ IDEA 15.0.1\lib\idea_rt.jar;C:\Program Files (x86)\JetBrains\IntelliJ IDEA 15.0.1\plugins\junit\lib\junit-rt.jar;C:\Program Files\Java\jdk1.8.0_25\jre\lib\charsets.jar;C:\Program Files\Java\jdk1.8.0_25\jre\lib\deploy.jar;C:\Program Files\Java\jdk1.8.0_25\jre\lib\ext\access-bridge-64.jar;C:\Program Files\Java\jdk1.8.0_25\jre\lib\ext\cldrdata.jar;C:\Program Files\Java\jdk1.8.0_25\jre\lib\ext\dnsns.jar;C:\Program Files\Java\jdk1.8.0_25\jre\lib\ext\jaccess.jar;C:\Program Files\Java\jdk1.8.0_25\jre\lib\ext\jfxrt.jar;C:\Program Files\Java\jdk1.8.0_25\jre\lib\ext\localedata.jar;C:\Program Files\Java\jdk1.8.0_25\jre\lib\ext\nashorn.jar;C:\Program Files\Java\jdk1.8.0_25\jre\lib\ext\sunec.jar;C:\Program Files\Java\jdk1.8.0_25\jre\lib\ext\sunjce_provider.jar;C:\Program Files\Java\jdk1.8.0_25\jre\lib\ext\sunmscapi.jar;C:\Program Files\Java\jdk1.8.0_25\jre\lib\ext\sunpkcs11.jar;C:\Program Files\Java\jdk1.8.0_25\jre\lib\ext\zipfs.jar;C:\Program Files\Java\jdk1.8.0_25\jre\lib\javaws.jar;C:\Program Files\Java\jdk1.8.0_25\jre\lib\jce.jar;C:\Program Files\Java\jdk1.8.0_25\jre\lib\jfr.jar;C:\Program Files\Java\jdk1.8.0_25\jre\lib\jfxswt.jar;C:\Program Files\Java\jdk1.8.0_25\jre\lib\jsse.jar;C:\Program Files\Java\jdk1.8.0_25\jre\lib\management-agent.jar;C:\Program Files\Java\jdk1.8.0_25\jre\lib\plugin.jar;C:\Program Files\Java\jdk1.8.0_25\jre\lib\resources.jar;C:\Program Files\Java\jdk1.8.0_25\jre\lib\rt.jar;C:\Users\Kostya\IdeaProjects\TSS\target\test-classes;C:\Users\Kostya\IdeaProjects\TSS\target\classes;C:\Users\Kostya\.m2\repository\junit\junit\4.8.2\junit-4.8.2.jar;C:\Users\Kostya\.m2\repository\org\projectlombok\lombok\1.16.8\lombok-1.16.8.jar
Launcher Type: SUN_STANDARD

Environment Variables:
JAVA_HOME=C:\Program Files\Java\jdk1.7.0_51
PATH=C:\ProgramData\Oracle\Java\javapath;C:\Qt\Qt5.2.0\Tools\mingw48_32\bin;C:\Android\AndroidSDK\sdk\platform-tools;C:\Android\AndroidSDK\sdk\tools;C:\Program Files\Java\jdk1.7.0_51\bin;C:\WINDOWS\system32;C:\WINDOWS;C:\WINDOWS\System32\Wbem;C:\WINDOWS\System32\WindowsPowerShell\v1.0\;C:\Program Files\Microsoft SQL Server\110\Tools\Binn\;C:\Program Files\Microsoft\Web Platform Installer\;C:\Program Files (x86)\Microsoft ASP.NET\ASP.NET Web Pages\v1.0\;C:\Program Files (x86)\Microsoft SQL Server\100\Tools\Binn\;C:\Program Files\Microsoft SQL Server\100\Tools\Binn\;C:\Program Files\Microsoft SQL Server\100\DTS\Binn\;C:\Program Files (x86)\Windows Kits\8.1\Windows Performance Toolkit\;C:\Program Files\TortoiseHg\;C:\Tcl\bin;C:\ProgramData\Oracle\Java\javapath;C:\Qt\Qt5.2.0\Tools\mingw48_32\bin;C:\Android\AndroidSDK\sdk\platform-tools;C:\Android\AndroidSDK\sdk\tools;C:\Program Files\Java\jdk1.7.0_51\bin;C:\WINDOWS\system32;C:\WINDOWS;C:\WINDOWS\System32\Wbem;C:\WINDOWS\System32\WindowsPowerShell\v1.0\;C:\Program Files\Microsoft SQL Server\110\Tools\Binn\;C:\Program Files\Microsoft\Web Platform Installer\;C:\Program Files (x86)\Microsoft ASP.NET\ASP.NET Web Pages\v1.0\;C:\Program Files (x86)\Microsoft SQL Server\100\Tools\Binn\;C:\Program Files\Microsoft SQL Server\100\Tools\Binn\;C:\Program Files\Microsoft SQL Server\100\DTS\Binn\;C:\Program Files (x86)\Windows Kits\8.1\Windows Performance Toolkit\;C:\Program Files\TortoiseHg\;C:\Program Files (x86)\clisp-2.49
USERNAME=Kostya
OS=Windows_NT
PROCESSOR_IDENTIFIER=Intel64 Family 6 Model 30 Stepping 5, GenuineIntel



---------------  S Y S T E M  ---------------

OS: Windows 8.1 , 64 bit Build 9600 

CPU:total 4 (4 cores per cpu, 1 threads per core) family 6 model 30 stepping 5, cmov, cx8, fxsr, mmx, sse, sse2, sse3, ssse3, sse4.1, sse4.2, popcnt, tsc, tscinvbit

Memory: 4k page, physical 6256692k(3341152k free), swap 7305268k(3380780k free)

vm_info: Java HotSpot(TM) 64-Bit Server VM (25.25-b02) for windows-amd64 JRE (1.8.0_25-b18), built on Oct  7 2014 14:25:37 by "java_re" with MS VC++ 10.0 (VS2010)

time: Fri May 13 01:35:54 2016
elapsed time: 59 seconds (0d 0h 0m 59s)

